<?xml version="1.0" encoding="UTF-8"?>
<testng-results skipped="0" failed="0" total="1" passed="1">
  <reporter-output>
  </reporter-output>
  <suite name="Suite" duration-ms="43328" started-at="2017-05-16T05:08:31Z" finished-at="2017-05-16T05:09:14Z">
    <groups>
    </groups>
    <test name="Test" duration-ms="43328" started-at="2017-05-16T05:08:31Z" finished-at="2017-05-16T05:09:14Z">
      <class name="com.testing.proj.Test_proj.AppTest">
        <test-method status="PASS" signature="setup()[pri:0, instance:com.testing.proj.Test_proj.AppTest@6adede5]" name="setup" is-config="true" duration-ms="40730" started-at="2017-05-16T15:08:31Z" finished-at="2017-05-16T15:09:12Z">
          <reporter-output>
          </reporter-output>
        </test-method> <!-- setup -->
        <test-method status="PASS" signature="testsample()[pri:0, instance:com.testing.proj.Test_proj.AppTest@6adede5]" name="testsample" duration-ms="1854" started-at="2017-05-16T15:09:12Z" finished-at="2017-05-16T15:09:14Z">
          <reporter-output>
          </reporter-output>
        </test-method> <!-- testsample -->
        <test-method status="PASS" signature="teardown()[pri:0, instance:com.testing.proj.Test_proj.AppTest@6adede5]" name="teardown" is-config="true" duration-ms="726" started-at="2017-05-16T15:09:14Z" finished-at="2017-05-16T15:09:14Z">
          <reporter-output>
          </reporter-output>
        </test-method> <!-- teardown -->
      </class> <!-- com.testing.proj.Test_proj.AppTest -->
    </test> <!-- Test -->
  </suite> <!-- Suite -->
</testng-results>
